<?xml version="1.0" encoding="UTF-8"?>
<!-- Generated by org.testng.reporters.JUnitXMLReporter -->
<testsuite ignored="0" hostname="DESKTOP-2K98EE4" failures="0" tests="2" name="RegressionTest" time="37.44" errors="0" timestamp="2023-04-18T20:53:54 IST">
  <testcase classname="com.denovo.testscripts.SystemLoginDashboardTest" name="systemLoginDashboard" time="4.483"/>
  <testcase classname="com.denovo.testscripts.SystemLoginTransactionTest" name="TransactionPageLoadingTest" time="10.306"/>
</testsuite> <!-- RegressionTest -->
