<?xml version="1.0" encoding="UTF-8"?>
<testsuite xmlns:xsi="http://www.w3.org/2001/XMLSchema-instance" xsi:noNamespaceSchemaLocation="https://maven.apache.org/surefire/maven-surefire-plugin/xsd/surefire-test-report-3.0.xsd" version="3.0" name="TestSuite" time="39.88" tests="2" errors="0" skipped="0" failures="0">
  <properties>
[...]
</properties>
  <testcase name="systemLoginDashboard[{SystemPrimaryPWD=Denovo@2021, SystemPrimaryEmail=bmurthy@denovosystem.com, Browser=chrome}](1)" classname="com.denovo.testscripts.SystemLoginDashboardTest" time="4.48">
    <system-out><![CDATA[[{TestName=systemLoginDashboard, TestDescription=To Check Whether, Execute=Yes, Count=1}, {TestName=TransactionPageLoadingTest, TestDescription=To Check Whether, Execute=yes, Count=1}]
[[MethodInstance method=SystemLoginDashboardTest.systemLoginDashboard(java.util.Map)[pri:0, instance:com.denovo.testscripts.SystemLoginDashboardTest@2362f559] instance=com.denovo.testscripts.SystemLoginDashboardTest@2362f559], [MethodInstance method=SystemLoginTransactionTest.TransactionPageLoadingTest(java.util.Map)[pri:0, instance:com.denovo.testscripts.SystemLoginTransactionTest@26b3fd41] instance=com.denovo.testscripts.SystemLoginTransactionTest@26b3fd41]]
systemLoginDashboard
systemLoginDashboard
systemLoginDashboard
TransactionPageLoadingTest
TransactionPageLoadingTest
systemLoginDashboard
TransactionPageLoadingTest
TransactionPageLoadingTest
{SystemPrimaryPWD=Denovo@2021, SystemPrimaryEmail=bmurthy@denovosystem.com, Browser=chrome}
]]></system-out>
    <system-err><![CDATA[SLF4J: Failed to load class "org.slf4j.impl.StaticLoggerBinder".
SLF4J: Defaulting to no-operation (NOP) logger implementation
SLF4J: See http://www.slf4j.org/codes.html#StaticLoggerBinder for further details.
Starting ChromeDriver 112.0.5615.49 (bd2a7bcb881c11e8cfe3078709382934e3916914-refs/branch-heads/5615@{#936}) on port 28515
Only local connections are allowed.
Please see https://chromedriver.chromium.org/security-considerations for suggestions on keeping ChromeDriver safe.
ChromeDriver was started successfully.
Apr 18, 2023 8:53:20 PM org.openqa.selenium.remote.ProtocolHandshake createSession
INFO: Detected dialect: W3C
]]></system-err>
  </testcase>
  <testcase name="TransactionPageLoadingTest[{SystemPrimaryPWD=Denovo@2021, SystemPrimaryEmail=bmurthy@denovosystem.com, Browser=Chrome}](1)" classname="com.denovo.testscripts.SystemLoginTransactionTest" time="10.304">
    <system-out><![CDATA[{SystemPrimaryPWD=Denovo@2021, SystemPrimaryEmail=bmurthy@denovosystem.com, Browser=Chrome}
]]></system-out>
    <system-err><![CDATA[Starting ChromeDriver 112.0.5615.49 (bd2a7bcb881c11e8cfe3078709382934e3916914-refs/branch-heads/5615@{#936}) on port 47611
Only local connections are allowed.
Please see https://chromedriver.chromium.org/security-considerations for suggestions on keeping ChromeDriver safe.
ChromeDriver was started successfully.
Apr 18, 2023 8:53:36 PM org.openqa.selenium.remote.ProtocolHandshake createSession
INFO: Detected dialect: W3C
]]></system-err>
  </testcase>
</testsuite>