<?xml version="1.0" encoding="UTF-8"?>
<testsuite xmlns:xsi="http://www.w3.org/2001/XMLSchema-instance" xsi:noNamespaceSchemaLocation="https://maven.apache.org/surefire/maven-surefire-plugin/xsd/surefire-test-report-3.0.xsd" version="3.0" name="TestSuite" time="22.341" tests="10" errors="0" skipped="0" failures="0">
  <properties>
[...]
</properties>
  <testcase name="validateloginpageTitle" classname="com.denovo.testscripts.LoginPageTest" time="0.163">
    <system-err><![CDATA[SLF4J: Failed to load class "org.slf4j.impl.StaticLoggerBinder".
SLF4J: Defaulting to no-operation (NOP) logger implementation
SLF4J: See http://www.slf4j.org/codes.html#StaticLoggerBinder for further details.
Starting ChromeDriver 90.0.4430.24 (4c6d850f087da467d926e8eddb76550aed655991-refs/branch-heads/4430@{#429}) on port 43324
Only local connections are allowed.
Please see https://chromedriver.chromium.org/security-considerations for suggestions on keeping ChromeDriver safe.
ChromeDriver was started successfully.
Apr 26, 2021 12:54:50 PM org.openqa.selenium.remote.ProtocolHandshake createSession
INFO: Detected dialect: W3C
]]></system-err>
  </testcase>
  <testcase name="validatedenovologo" classname="com.denovo.testscripts.LoginPageTest" time="0.153"/>
  <testcase name="validateRememberme" classname="com.denovo.testscripts.LoginPageTest" time="0.113"/>
  <testcase name="validateForgotlink" classname="com.denovo.testscripts.LoginPageTest" time="0.092"/>
  <testcase name="validateloginTest[Testdata1@gmail.com, pass@123](1)" classname="com.denovo.testscripts.LoginPageTest" time="0.563"/>
  <testcase name="validateloginTest[venkat@dejawaypay.com, pass@1234](2)" classname="com.denovo.testscripts.LoginPageTest" time="0.39"/>
  <testcase name="validateloginTest[Testdata2@gmail.com, SdQTpVupyJXJ54wSpp7x7W5](3)" classname="com.denovo.testscripts.LoginPageTest" time="0.351"/>
  <testcase name="validateloginTest[venkat@dejawaypay.com, SdQTpVupyJXJ54wSpp7x7W5](4)" classname="com.denovo.testscripts.LoginPageTest" time="0.376"/>
  <testcase name="validateclickprofile" classname="com.denovo.testscripts.LoginPageTest" time="1.155"/>
  <testcase name="validatelogout" classname="com.denovo.testscripts.LoginPageTest" time="0.139"/>
</testsuite>