<?xml version="1.0" encoding="UTF-8"?>
<testng-results ignored="0" total="10" passed="10" failed="0" skipped="0">
  <reporter-output>
  </reporter-output>
  <suite started-at="2021-04-26T12:54:57 IST" name="DenovoWebPortal Application Test Suite" finished-at="2021-04-26T12:55:03 IST" duration-ms="5522">
    <groups>
    </groups>
    <test started-at="2021-04-26T12:54:57 IST" name="sanityTest" finished-at="2021-04-26T12:55:03 IST" duration-ms="5522">
      <class name="com.denovo.testscripts.LoginPageTest">
        <test-method is-config="true" signature="setup()[pri:0, instance:com.denovo.testscripts.LoginPageTest@49dc7102]" started-at="2021-04-26T12:54:48 IST" name="setup" finished-at="2021-04-26T12:54:57 IST" duration-ms="9731" status="PASS">
          <reporter-output>
          </reporter-output>
        </test-method> <!-- setup -->
        <test-method signature="validateloginpageTitle()[pri:1, instance:com.denovo.testscripts.LoginPageTest@49dc7102]" started-at="2021-04-26T12:54:58 IST" name="validateloginpageTitle" description="verifying login Page title test" finished-at="2021-04-26T12:54:58 IST" duration-ms="159" status="PASS">
          <reporter-output>
          </reporter-output>
        </test-method> <!-- validateloginpageTitle -->
        <test-method signature="validatedenovologo()[pri:2, instance:com.denovo.testscripts.LoginPageTest@49dc7102]" started-at="2021-04-26T12:54:58 IST" name="validatedenovologo" description="verifying validatedenovolog test" finished-at="2021-04-26T12:54:58 IST" duration-ms="155" status="PASS">
          <reporter-output>
          </reporter-output>
        </test-method> <!-- validatedenovologo -->
        <test-method signature="validateRememberme()[pri:3, instance:com.denovo.testscripts.LoginPageTest@49dc7102]" started-at="2021-04-26T12:54:58 IST" name="validateRememberme" description="verifying validate Remember me test" finished-at="2021-04-26T12:54:58 IST" duration-ms="119" status="PASS">
          <reporter-output>
          </reporter-output>
        </test-method> <!-- validateRememberme -->
        <test-method signature="validateForgotlink()[pri:4, instance:com.denovo.testscripts.LoginPageTest@49dc7102]" started-at="2021-04-26T12:54:58 IST" name="validateForgotlink" description="verifying validate Remember me test" finished-at="2021-04-26T12:54:58 IST" duration-ms="93" status="PASS">
          <reporter-output>
          </reporter-output>
        </test-method> <!-- validateForgotlink -->
        <test-method signature="validateloginTest(java.lang.String, java.lang.String)[pri:5, instance:com.denovo.testscripts.LoginPageTest@49dc7102]" started-at="2021-04-26T12:55:00 IST" name="validateloginTest" data-provider="webLogin" finished-at="2021-04-26T12:55:01 IST" duration-ms="567" status="PASS">
          <params>
            <param index="0">
              <value>
                <![CDATA[Testdata1@gmail.com]]>
              </value>
            </param>
            <param index="1">
              <value>
                <![CDATA[pass@123]]>
              </value>
            </param>
          </params>
          <reporter-output>
          </reporter-output>
        </test-method> <!-- validateloginTest -->
        <test-method signature="validateloginTest(java.lang.String, java.lang.String)[pri:5, instance:com.denovo.testscripts.LoginPageTest@49dc7102]" started-at="2021-04-26T12:55:01 IST" name="validateloginTest" data-provider="webLogin" finished-at="2021-04-26T12:55:01 IST" duration-ms="395" status="PASS">
          <params>
            <param index="0">
              <value>
                <![CDATA[venkat@dejawaypay.com]]>
              </value>
            </param>
            <param index="1">
              <value>
                <![CDATA[pass@1234]]>
              </value>
            </param>
          </params>
          <reporter-output>
          </reporter-output>
        </test-method> <!-- validateloginTest -->
        <test-method signature="validateloginTest(java.lang.String, java.lang.String)[pri:5, instance:com.denovo.testscripts.LoginPageTest@49dc7102]" started-at="2021-04-26T12:55:01 IST" name="validateloginTest" data-provider="webLogin" finished-at="2021-04-26T12:55:01 IST" duration-ms="354" status="PASS">
          <params>
            <param index="0">
              <value>
                <![CDATA[Testdata2@gmail.com]]>
              </value>
            </param>
            <param index="1">
              <value>
                <![CDATA[SdQTpVupyJXJ54wSpp7x7W5]]>
              </value>
            </param>
          </params>
          <reporter-output>
          </reporter-output>
        </test-method> <!-- validateloginTest -->
        <test-method signature="validateloginTest(java.lang.String, java.lang.String)[pri:5, instance:com.denovo.testscripts.LoginPageTest@49dc7102]" started-at="2021-04-26T12:55:01 IST" name="validateloginTest" data-provider="webLogin" finished-at="2021-04-26T12:55:02 IST" duration-ms="381" status="PASS">
          <params>
            <param index="0">
              <value>
                <![CDATA[venkat@dejawaypay.com]]>
              </value>
            </param>
            <param index="1">
              <value>
                <![CDATA[SdQTpVupyJXJ54wSpp7x7W5]]>
              </value>
            </param>
          </params>
          <reporter-output>
          </reporter-output>
        </test-method> <!-- validateloginTest -->
        <test-method signature="validateclickprofile()[pri:6, instance:com.denovo.testscripts.LoginPageTest@49dc7102]" started-at="2021-04-26T12:55:02 IST" name="validateclickprofile" finished-at="2021-04-26T12:55:03 IST" duration-ms="1158" status="PASS">
          <reporter-output>
          </reporter-output>
        </test-method> <!-- validateclickprofile -->
        <test-method signature="validatelogout()[pri:7, instance:com.denovo.testscripts.LoginPageTest@49dc7102]" started-at="2021-04-26T12:55:03 IST" name="validatelogout" finished-at="2021-04-26T12:55:03 IST" duration-ms="143" status="PASS">
          <reporter-output>
          </reporter-output>
        </test-method> <!-- validatelogout -->
        <test-method is-config="true" signature="teardown()[pri:0, instance:com.denovo.testscripts.LoginPageTest@49dc7102]" started-at="2021-04-26T12:55:03 IST" name="teardown" finished-at="2021-04-26T12:55:10 IST" duration-ms="6698" status="PASS">
          <reporter-output>
          </reporter-output>
        </test-method> <!-- teardown -->
      </class> <!-- com.denovo.testscripts.LoginPageTest -->
    </test> <!-- sanityTest -->
  </suite> <!-- DenovoWebPortal Application Test Suite -->
</testng-results>
