<?xml version="1.0" encoding="UTF-8"?>
<!-- Generated by org.testng.reporters.JUnitXMLReporter -->
<testsuite ignored="0" hostname="DESKTOP-2K98EE4" failures="0" tests="8" name="DenovoWebTest" time="0.498" errors="0" timestamp="2021-04-15T11:10:37 IST">
  <testcase classname="com.denovo.testscripts.LoginPageTest" name="validateloginpageTitle" time="0.052"/>
  <testcase classname="com.denovo.testscripts.LoginPageTest" name="validatedenovologo" time="0.048"/>
  <testcase classname="com.denovo.testscripts.LoginPageTest" name="validateRememberme" time="0.057"/>
  <testcase classname="com.denovo.testscripts.LoginPageTest" name="validateForgotlink" time="0.043"/>
  <testcase classname="com.denovo.testscripts.LoginPageTest" name="validateloginCorrectCredentialsTest" time="0.059"/>
  <testcase classname="com.denovo.testscripts.HomePageTest" name="validatehomepageTitle" time="0.011"/>
  <testcase classname="com.denovo.testscripts.HomePageTest" name="validatehomepagelogo" time="0.039"/>
  <testcase classname="com.denovo.testscripts.HomePageTest" name="validateusermanagelink" time="0.083"/>
</testsuite> <!-- DenovoWebTest -->
